Missing form staff: Tech-on-Call ~
Missing form staff: Cryotarg-on-Call ~
Missing form staff: Cryo-on-Call ~
Missing form staff: CHL-group ~
Missing form staff: Rad-Con ~
Missing form staff: Authier Martial
Missing form staff: Cusano Francesco
Missing form staff: Colombel Nathalie
Missing form staff: Day Tony
Missing form staff: Deck Pascale
Missing form staff: Delbart Alain
Missing form staff: Feuerbach Robert
Missing form staff: Gougnaud Francois
Missing form staff: Kramer Kevin
Missing form staff: Lussignol Yves
Missing form staff: Marroncle Jacques
Missing form staff: Reitz Bodo
Missing form staff: Rutledge Gary
Missing form staff: Saha Arun
Missing form staff: Salmons Rusty
Missing form staff: Seely Mikell
Missing form staff: Tarte Gerard
Missing form staff: Veyssiere Christian
