This is pdfTeXk, Version 3.141592-1.40.3 (Web2C 7.5.6) (format=pdflatex 2013.10.22)  23 MAY 2014 10:53
entering extended mode
 %&-line parsing enabled.
**osp
(./osp.tex
LaTeX2e <2005/12/01>
Babel <v3.8h> and hyphenation patterns for english, usenglishmax, dumylang, noh
yphenation, arabic, basque, bulgarian, coptic, welsh, czech, slovak, german, ng
erman, danish, esperanto, spanish, catalan, galician, estonian, farsi, finnish,
 french, greek, monogreek, ancientgreek, croatian, hungarian, interlingua, ibyc
us, indonesian, icelandic, italian, latin, mongolian, dutch, norsk, polish, por
tuguese, pinyin, romanian, russian, slovenian, uppersorbian, serbian, swedish, 
turkish, ukenglish, ukrainian, loaded.
(/usr/share/texmf/tex/latex/base/report.cls
Document Class: report 2005/09/16 v1.4f Standard LaTeX document class
(/usr/share/texmf/tex/latex/base/size12.clo
File: size12.clo 2005/09/16 v1.4f Standard LaTeX file (size option)
)
\c@part=\count79
\c@chapter=\count80
\c@section=\count81
\c@subsection=\count82
\c@subsubsection=\count83
\c@paragraph=\count84
\c@subparagraph=\count85
\c@figure=\count86
\c@table=\count87
\abovecaptionskip=\skip41
\belowcaptionskip=\skip42
\bibindent=\dimen102
)
(/group/gpd/12gev/ESAD/hallb-osp/src/common/preamb_common.tex
(./currinfolevel.tex) (/usr/share/texmf/tex/latex/etex/etex.sty
Package: etex 1998/03/26 v2.0 eTeX basic definition package (PEB)
\et@xins=\count88
)
(/usr/share/texmf/tex/latex/graphics/graphicx.sty
Package: graphicx 1999/02/16 v1.0f Enhanced LaTeX Graphics (DPC,SPQR)

(/usr/share/texmf/tex/latex/graphics/keyval.sty
Package: keyval 1999/03/16 v1.13 key=value parser (DPC)
\KV@toks@=\toks14
)
(/usr/share/texmf/tex/latex/graphics/graphics.sty
Package: graphics 2006/02/20 v1.0o Standard LaTeX Graphics (DPC,SPQR)

(/usr/share/texmf/tex/latex/graphics/trig.sty
Package: trig 1999/03/16 v1.09 sin cos tan (DPC)
)
(/usr/share/texmf/tex/latex/config/graphics.cfg
File: graphics.cfg 2007/01/18 v1.5 graphics configuration of teTeX/TeXLive
)
Package graphics Info: Driver file: pdftex.def on input line 90.

(/usr/share/texmf/tex/latex/pdftex-def/pdftex.def
File: pdftex.def 2007/01/08 v0.04d Graphics/color for pdfTeX
\Gread@gobject=\count89
))
\Gin@req@height=\dimen103
\Gin@req@width=\dimen104
)
(/usr/share/texmf/tex/latex/cite/cite.sty
LaTeX Info: Redefining \cite on input line 149.
LaTeX Info: Redefining \nocite on input line 214.
Package: cite 2003/11/04  v 4.01
)
(/usr/share/texmf/tex/latex/comment/comment.sty
\CommentStream=\write3
 Excluding comment 'comment')
(/usr/share/texmf/tex/latex/base/ifthen.sty
Package: ifthen 2001/05/26 v1.1c Standard LaTeX ifthen package (DPC)
)
(/usr/share/texmf/tex/latex/changebar/changebar.sty
Package: changebar 2005/09/18 v3.5c Indicate changes with marginal bars
\cb@nextpoint=\count90
\cb@topleft=\count91
\cb@topright=\count92
\cb@botleft=\count93
\cb@botright=\count94
\cb@cnta=\count95
\cb@cntb=\count96
\cb@dima=\dimen105
\cb@curbarwd=\dimen106
\cb@page=\count97
\cb@pagecount=\count98
\cb@odd@left=\dimen107
\cb@odd@right=\dimen108
\cb@even@left=\dimen109
\cb@even@right=\dimen110
\cb@writexy=\write4
\cb@readxy=\read1
\openout4 = `osp.cb2'.

\changebarwidth=\skip43
\deletebarwidth=\skip44
\changebarsep=\skip45
\c@changebargrey=\count99
\cb@write=\write5
\cb@read=\read2
\openout5 = `osp.cb'.

)
(/usr/share/texmf/tex/latex/hyperref/hyperref.sty
Package: hyperref 2007/02/07 v6.75r Hypertext links for LaTeX
\@linkdim=\dimen111
\Hy@linkcounter=\count100
\Hy@pagecounter=\count101

(/usr/share/texmf/tex/latex/hyperref/pd1enc.def
File: pd1enc.def 2007/02/07 v6.75r Hyperref: PDFDocEncoding definition (HO)
)
(/usr/share/texmf/tex/latex/config/hyperref.cfg
File: hyperref.cfg 2002/06/06 v1.2 hyperref configuration of TeXLive
)
(/usr/share/texmf/tex/latex/oberdiek/kvoptions.sty
Package: kvoptions 2006/08/22 v2.4 Connects package keyval with LaTeX options (
HO)
)
Package hyperref Info: Option `colorlinks' set `true' on input line 2238.
Package hyperref Info: Hyper figures OFF on input line 2288.
Package hyperref Info: Link nesting OFF on input line 2293.
Package hyperref Info: Hyper index ON on input line 2296.
Package hyperref Info: Plain pages OFF on input line 2303.
Package hyperref Info: Backreferencing ON on input line 2306.

Implicit mode ON; LaTeX internals redefined
Package hyperref Info: Bookmarks ON on input line 2444.
(/usr/share/texmf/tex/latex/hyperref/backref.sty
Package: backref 2006/10/06 v1.27 Bibliographical back referencing
)
(/usr/share/texmf/tex/latex/ltxmisc/url.sty
\Urlmuskip=\muskip10
Package: url 2005/06/27  ver 3.2  Verb mode for urls, etc.
)
LaTeX Info: Redefining \url on input line 2599.
\Fld@menulength=\count102
\Field@Width=\dimen112
\Fld@charsize=\dimen113
\Choice@toks=\toks15
\Field@toks=\toks16
Package hyperref Info: Hyper figures OFF on input line 3102.
Package hyperref Info: Link nesting OFF on input line 3107.
Package hyperref Info: Hyper index ON on input line 3110.
Package hyperref Info: backreferencing ON on input line 3115.
Package hyperref Info: Link coloring ON on input line 3120.
\Hy@abspage=\count103
\c@Item=\count104
\c@Hfootnote=\count105
)
*hyperref using default driver hpdftex*
(/usr/share/texmf/tex/latex/hyperref/hpdftex.def
File: hpdftex.def 2007/02/07 v6.75r Hyperref driver for pdfTeX
\Fld@listcount=\count106
)
(/usr/share/texmf/tex/latex/graphics/color.sty
Package: color 2005/11/14 v1.0j Standard LaTeX Color (DPC)

(/usr/share/texmf/tex/latex/config/color.cfg
File: color.cfg 2007/01/18 v1.5 color configuration of teTeX/TeXLive
)
Package color Info: Driver file: pdftex.def on input line 130.
)
(/usr/share/texmf/tex/latex/tools/longtable.sty
Package: longtable 2004/02/01 v4.11 Multi-page Table package (DPC)
\LTleft=\skip46
\LTright=\skip47
\LTpre=\skip48
\LTpost=\skip49
\LTchunksize=\count107
\LTcapwidth=\dimen114
\LT@head=\box26
\LT@firsthead=\box27
\LT@foot=\box28
\LT@lastfoot=\box29
\LT@cols=\count108
\LT@rows=\count109
\c@LT@tables=\count110
\c@LT@chunks=\count111
\LT@p@ftn=\toks17
)
(/usr/share/texmf/tex/latex/tools/afterpage.sty
Package: afterpage 1995/10/27 v1.08 After-Page Package (DPC)
\AP@output=\toks18
\AP@partial=\box30
\AP@footins=\box31
))
(/group/gpd/12gev/ESAD/hallb-osp/src/common/namesenv.tex) (./osp.aux

LaTeX Warning: Label `tb:beam' multiply defined.


LaTeX Warning: Label `tb:beam' multiply defined.


LaTeX Warning: Label `tb:beam' multiply defined.

)
\openout1 = `osp.aux'.

LaTeX Font Info:    Checking defaults for OML/cmm/m/it on input line 30.
LaTeX Font Info:    ... okay on input line 30.
LaTeX Font Info:    Checking defaults for T1/cmr/m/n on input line 30.
LaTeX Font Info:    ... okay on input line 30.
LaTeX Font Info:    Checking defaults for OT1/cmr/m/n on input line 30.
LaTeX Font Info:    ... okay on input line 30.
LaTeX Font Info:    Checking defaults for OMS/cmsy/m/n on input line 30.
LaTeX Font Info:    ... okay on input line 30.
LaTeX Font Info:    Checking defaults for OMX/cmex/m/n on input line 30.
LaTeX Font Info:    ... okay on input line 30.
LaTeX Font Info:    Checking defaults for U/cmr/m/n on input line 30.
LaTeX Font Info:    ... okay on input line 30.
LaTeX Font Info:    Checking defaults for PD1/pdf/m/n on input line 30.
LaTeX Font Info:    ... okay on input line 30.
Package hyperref Info: Link coloring ON on input line 30.
 (/usr/share/texmf/tex/latex/hyperref/nameref.sty
Package: nameref 2006/12/27 v2.28 Cross-referencing by name of section

(/usr/share/texmf/tex/latex/oberdiek/refcount.sty
Package: refcount 2006/02/20 v3.0 Data extraction from references (HO)
)
\c@section@level=\count112
)
LaTeX Info: Redefining \ref on input line 30.
LaTeX Info: Redefining \pageref on input line 30.
 (./osp.out) (./osp.out)
\@outlinefile=\write6
\openout6 = `osp.out'.

Package backref Info: ** backref set up for natbib ** on input line 30.

(./title.tex
Package hyperref Info: Option `pageanchor' set `false' on input line 4.
LaTeX Font Info:    External font `cmex10' loaded for size
(Font)              <14.4> on input line 13.
LaTeX Font Info:    External font `cmex10' loaded for size
(Font)              <7> on input line 13.


LaTeX Warning: No \author given.

[1

{/usr/share/texmf/fonts/map/pdftex/updmap/pdftex.map}]) (./osp.toc
LaTeX Font Info:    External font `cmex10' loaded for size
(Font)              <12> on input line 3.
LaTeX Font Info:    External font `cmex10' loaded for size
(Font)              <8> on input line 3.
LaTeX Font Info:    External font `cmex10' loaded for size
(Font)              <6> on input line 3.
 [1

])
\tf@toc=\write7
\openout7 = `osp.toc'.


[2] (/group/gpd/12gev/ESAD/hallb-osp/src/people/names.tex)
(/group/gpd/12gev/ESAD/hallb-osp/src/esad/ESAD.tex
Chapter 1.
[3

]
Chapter 2.
[4

] [5] [6]
Chapter 3.
) (/group/gpd/12gev/ESAD/hallb-osp/src/introduction/all.tex
(/group/gpd/12gev/ESAD/hallb-osp/src/introduction/b-intro.tex))
(/group/gpd/12gev/ESAD/hallb-osp/src/beamline/all.tex
(/group/gpd/12gev/ESAD/hallb-osp/src/beamline/beam.tex [7

]
Underfull \hbox (badness 10000) in paragraph at lines 88--95

 []

LaTeX Font Info:    Try loading font information for OMS+cmr on input line 98.
(/usr/share/texmf/tex/latex/base/omscmr.fd
File: omscmr.fd 1999/05/25 v2.5h Standard LaTeX font definitions
)
LaTeX Font Info:    Font shape `OMS/cmr/m/n' in size <12> not available
(Font)              Font shape `OMS/cmsy/m/n' tried instead on input line 98.

Underfull \hbox (badness 10000) in paragraph at lines 106--107

 []

[8]
LaTeX Font Info:    External font `cmex10' loaded for size
(Font)              <10.95> on input line 121.

Underfull \hbox (badness 10000) in paragraph at lines 124--125
[]\OT1/cmr/m/it/10.95 Contact to
 []


Underfull \hbox (badness 10000) in paragraph at lines 125--126
[]\OT1/cmr/m/it/10.95 Contact to
 []


Overfull \hbox (21.95644pt too wide) in paragraph at lines 121--126
 [][] 
 []

) (/group/gpd/12gev/ESAD/hallb-osp/src/beamline/tgtcham.tex)
(/group/gpd/12gev/ESAD/hallb-osp/src/beamline/hpsmag.tex

LaTeX Warning: Citation `ehs' on page 9 undefined on input line 24.

[9])) (/group/gpd/12gev/ESAD/hallb-osp/src/targets/all.tex
(/group/gpd/12gev/ESAD/hallb-osp/src/targets/overview.tex)
(/group/gpd/12gev/ESAD/hallb-osp/src/targets/targets.tex)
(/group/gpd/12gev/ESAD/hallb-osp/src/targets/hpstarget.tex [10]))
(/group/gpd/12gev/ESAD/hallb-osp/src/beamline/vacuum.tex [11])
(/group/gpd/12gev/ESAD/hallb-osp/src/hps/all.tex [12] [13]
Overfull \hbox (2.48183pt too wide) in paragraph at lines 77--77
[][][]\OT1/cmr/m/n/10.95 dupre@ipno.in2p3.fr[][]| 
 []

) (/group/gpd/12gev/ESAD/hallb-osp/src/trk/all.tex)
(/group/gpd/12gev/ESAD/hallb-osp/src/pid/all.tex)
(/group/gpd/12gev/ESAD/hallb-osp/src/controls/all.tex
(/group/gpd/12gev/ESAD/hallb-osp/src/controls/HacOps.tex))
(/group/gpd/12gev/ESAD/hallb-osp/src/offline/all.tex
(/group/gpd/12gev/ESAD/hallb-osp/src/offline/offline.tex)) (./osp.bbl
(./osp.brf)
\tf@brf=\write8
\openout8 = `osp.brf'.

 [14]
Underfull \hbox (badness 7256) in paragraph at lines 12--12
[]\OT1/cmr/m/n/12 EPICS Doc-u-men-ta-tion.  WWW page.  URL [][]$\OT1/cmtt/m/n/1
2 http : / / www . epics . org/$[][]\OT1/cmr/m/n/12 .
 []


Underfull \hbox (badness 4726) in paragraph at lines 12--12
\OT1/cmr/m/n/12 see also [][]$\OT1/cmtt/m/n/12 http : / / www . aps . anl . gov
 / asd / controls / epics / EpicsDocumentation /
 []

) [15

] (./osp.aux)

LaTeX Warning: There were undefined references.


LaTeX Warning: There were multiply-defined labels.

 ) 
Here is how much of TeX's memory you used:
 3365 strings out of 256216
 47298 string characters out of 1917071
 106563 words of memory out of 1500000
 6485 multiletter control sequences out of 10000+200000
 11544 words of font info for 40 fonts, out of 1200000 for 2000
 646 hyphenation exceptions out of 8191
 27i,11n,37p,980b,364s stack positions out of 5000i,500n,6000p,200000b,15000s
</usr/share/texmf/fonts/type1/bluesky/cm/cmbx12.pfb></usr/share/texmf/fonts/t
ype1/bluesky/cm/cmmi12.pfb></usr/share/texmf/fonts/type1/bluesky/cm/cmr10.pfb><
/usr/share/texmf/fonts/type1/bluesky/cm/cmr12.pfb></usr/share/texmf/fonts/type1
/bluesky/cm/cmr17.pfb></usr/share/texmf/fonts/type1/bluesky/cm/cmr8.pfb></usr/s
hare/texmf/fonts/type1/bluesky/cm/cmsl12.pfb></usr/share/texmf/fonts/type1/blue
sky/cm/cmsy10.pfb></usr/share/texmf/fonts/type1/bluesky/cm/cmsy8.pfb></usr/shar
e/texmf/fonts/type1/bluesky/cm/cmti10.pfb></usr/share/texmf/fonts/type1/bluesky
/cm/cmti12.pfb></usr/share/texmf/fonts/type1/bluesky/cm/cmtt12.pfb>
Output written on osp.pdf (16 pages, 148707 bytes).
PDF statistics:
 351 PDF objects out of 1000 (max. 8388607)
 52 named destinations out of 1000 (max. 131072)
 321 words of extra memory for PDF output out of 10000 (max. 10000000)

