\BOOKMARK [0][-]{chapter.1}{Introduction}{}
\BOOKMARK [0][-]{chapter.2}{General Hazards}{}
\BOOKMARK [1][-]{section.2.1}{Radiation}{chapter.2}
\BOOKMARK [1][-]{section.2.2}{Fire}{chapter.2}
\BOOKMARK [1][-]{section.2.3}{Electrical Systems}{chapter.2}
\BOOKMARK [1][-]{section.2.4}{Mechanical Systems}{chapter.2}
\BOOKMARK [1][-]{section.2.5}{Strong Magnetic Fields}{chapter.2}
\BOOKMARK [1][-]{section.2.6}{Cryogenic Fluids and Oxygen Deficiency Hazard}{chapter.2}
\BOOKMARK [1][-]{section.2.7}{Vacuum and Pressure Vessels}{chapter.2}
\BOOKMARK [1][-]{section.2.8}{Hazardous Materials}{chapter.2}
\BOOKMARK [1][-]{section.2.9}{Lasers}{chapter.2}
\BOOKMARK [0][-]{chapter.3}{Hall Specific Equipment}{}
\BOOKMARK [1][-]{section.3.1}{Overview}{chapter.3}
\BOOKMARK [1][-]{section.3.2}{Checking Tie-in To Machine Fast Shutdown System}{chapter.3}
\BOOKMARK [1][-]{section.3.3}{Beamline}{chapter.3}
\BOOKMARK [2][-]{subsection.3.3.1}{Hazards}{section.3.3}
\BOOKMARK [2][-]{subsection.3.3.2}{Mitigations}{section.3.3}
\BOOKMARK [2][-]{subsection.3.3.3}{Responsible Personnel}{section.3.3}
\BOOKMARK [1][-]{section.3.4}{HPS Chicane Magnets}{chapter.3}
\BOOKMARK [2][-]{subsection.3.4.1}{Hazards}{section.3.4}
\BOOKMARK [2][-]{subsection.3.4.2}{Mitigations}{section.3.4}
\BOOKMARK [2][-]{subsection.3.4.3}{Responsible Personnel}{section.3.4}
\BOOKMARK [1][-]{section.3.5}{Target System}{chapter.3}
\BOOKMARK [2][-]{subsection.3.5.1}{Hazards}{section.3.5}
\BOOKMARK [2][-]{subsection.3.5.2}{Mitigations}{section.3.5}
\BOOKMARK [2][-]{subsection.3.5.3}{Responsible Personnel}{section.3.5}
\BOOKMARK [1][-]{section.3.6}{Vacuum Systems}{chapter.3}
\BOOKMARK [2][-]{subsection.3.6.1}{Hazards}{section.3.6}
\BOOKMARK [2][-]{subsection.3.6.2}{Mitigations}{section.3.6}
\BOOKMARK [2][-]{subsection.3.6.3}{Responsible Personnel}{section.3.6}
\BOOKMARK [1][-]{section.3.7}{Silicon Tracker}{chapter.3}
\BOOKMARK [2][-]{subsection.3.7.1}{Hazards}{section.3.7}
\BOOKMARK [2][-]{subsection.3.7.2}{Mitigations}{section.3.7}
\BOOKMARK [2][-]{subsection.3.7.3}{Responsible Personnel}{section.3.7}
\BOOKMARK [1][-]{section.3.8}{Electromagnetic Calorimeter}{chapter.3}
\BOOKMARK [2][-]{subsection.3.8.1}{Hazards}{section.3.8}
\BOOKMARK [2][-]{subsection.3.8.2}{Mitigations}{section.3.8}
\BOOKMARK [2][-]{subsection.3.8.3}{Responsible Personnel}{section.3.8}
\BOOKMARK [1][-]{section.3.9}{CLAS12 Construction work}{chapter.3}
\BOOKMARK [2][-]{subsection.3.9.1}{Hazards}{section.3.9}
\BOOKMARK [2][-]{subsection.3.9.2}{Mitigations}{section.3.9}
\BOOKMARK [2][-]{subsection.3.9.3}{Responsible Personnel}{section.3.9}
